<?xml version="1.0" encoding="UTF-8"?>
<coverage generated="1573491592404" clover="3.2.0">
  <project timestamp="1573491592404" name="All files">
    <metrics statements="26" coveredstatements="26" conditionals="0" coveredconditionals="0" methods="13" coveredmethods="13" elements="39" coveredelements="39" complexity="0" loc="26" ncloc="26" packages="2" files="2" classes="2"/>
    <package name="Entity">
      <metrics statements="10" coveredstatements="10" conditionals="0" coveredconditionals="0" methods="7" coveredmethods="7"/>
      <file name="Jetpack.js" path="/home/tahrim/Téléchargements/Cours/2A/TestUnitaire/Projet_finale/JetPack_ProjectFront/src/Entity/Jetpack.js">
        <metrics statements="10" coveredstatements="10" conditionals="0" coveredconditionals="0" methods="7" coveredmethods="7"/>
        <line num="1" count="1" type="stmt"/>
        <line num="3" count="2" type="stmt"/>
        <line num="4" count="2" type="stmt"/>
        <line num="5" count="2" type="stmt"/>
        <line num="9" count="1" type="stmt"/>
        <line num="13" count="2" type="stmt"/>
        <line num="17" count="1" type="stmt"/>
        <line num="21" count="2" type="stmt"/>
        <line num="25" count="1" type="stmt"/>
        <line num="29" count="2" type="stmt"/>
      </file>
    </package>
    <package name="Service.Api">
      <metrics statements="16" coveredstatements="16" conditionals="0" coveredconditionals="0" methods="6" coveredmethods="6"/>
      <file name="JetpackApi.js" path="/home/tahrim/Téléchargements/Cours/2A/TestUnitaire/Projet_finale/JetPack_ProjectFront/src/Service/Api/JetpackApi.js">
        <metrics statements="16" coveredstatements="16" conditionals="0" coveredconditionals="0" methods="6" coveredmethods="6"/>
        <line num="1" count="1" type="stmt"/>
        <line num="2" count="1" type="stmt"/>
        <line num="4" count="2" type="stmt"/>
        <line num="8" count="1" type="stmt"/>
        <line num="10" count="1" type="stmt"/>
        <line num="11" count="1" type="stmt"/>
        <line num="12" count="1" type="stmt"/>
        <line num="13" count="1" type="stmt"/>
        <line num="14" count="1" type="stmt"/>
        <line num="15" count="1" type="stmt"/>
        <line num="20" count="1" type="stmt"/>
        <line num="21" count="1" type="stmt"/>
        <line num="22" count="1" type="stmt"/>
        <line num="23" count="1" type="stmt"/>
        <line num="24" count="1" type="stmt"/>
        <line num="25" count="1" type="stmt"/>
      </file>
    </package>
  </project>
</coverage>
