{"/home/tahrim/Téléchargements/Cours/2A/TestUnitaire/Projet_finale/JetPack_ProjectFront/src/Entity/Jetpack.js": {"path":"/home/tahrim/Téléchargements/Cours/2A/TestUnitaire/Projet_finale/JetPack_ProjectFront/src/Entity/Jetpack.js","statementMap":{"0":{"start":{"line":1,"column":0},"end":{"line":31,"column":1}},"1":{"start":{"line":3,"column":8},"end":{"line":3,"column":24}},"2":{"start":{"line":4,"column":8},"end":{"line":4,"column":26}},"3":{"start":{"line":5,"column":8},"end":{"line":5,"column":27}},"4":{"start":{"line":9,"column":8},"end":{"line":9,"column":24}},"5":{"start":{"line":13,"column":8},"end":{"line":13,"column":25}},"6":{"start":{"line":17,"column":8},"end":{"line":17,"column":26}},"7":{"start":{"line":21,"column":8},"end":{"line":21,"column":27}},"8":{"start":{"line":25,"column":8},"end":{"line":25,"column":27}},"9":{"start":{"line":29,"column":8},"end":{"line":29,"column":28}}},"fnMap":{"0":{"name":"(anonymous_0)","decl":{"start":{"line":2,"column":4},"end":{"line":2,"column":5}},"loc":{"start":{"line":2,"column":18},"end":{"line":6,"column":5}},"line":2},"1":{"name":"(anonymous_1)","decl":{"start":{"line":8,"column":4},"end":{"line":8,"column":5}},"loc":{"start":{"line":8,"column":13},"end":{"line":10,"column":5}},"line":8},"2":{"name":"(anonymous_2)","decl":{"start":{"line":12,"column":4},"end":{"line":12,"column":5}},"loc":{"start":{"line":12,"column":18},"end":{"line":14,"column":5}},"line":12},"3":{"name":"(anonymous_3)","decl":{"start":{"line":16,"column":4},"end":{"line":16,"column":5}},"loc":{"start":{"line":16,"column":15},"end":{"line":18,"column":5}},"line":16},"4":{"name":"(anonymous_4)","decl":{"start":{"line":20,"column":4},"end":{"line":20,"column":5}},"loc":{"start":{"line":20,"column":20},"end":{"line":22,"column":5}},"line":20},"5":{"name":"(anonymous_5)","decl":{"start":{"line":24,"column":4},"end":{"line":24,"column":5}},"loc":{"start":{"line":24,"column":16},"end":{"line":26,"column":5}},"line":24},"6":{"name":"(anonymous_6)","decl":{"start":{"line":28,"column":4},"end":{"line":28,"column":5}},"loc":{"start":{"line":28,"column":21},"end":{"line":30,"column":5}},"line":28}},"branchMap":{},"s":{"0":1,"1":2,"2":2,"3":2,"4":1,"5":2,"6":1,"7":2,"8":1,"9":2},"f":{"0":2,"1":1,"2":2,"3":1,"4":2,"5":1,"6":2},"b":{},"_coverageSchema":"43e27e138ebf9cfc5966b082cf9a028302ed4184","hash":"ce0a3c8303ef901dac1364fbbf2dbeeb146244e1"}
,"/home/tahrim/Téléchargements/Cours/2A/TestUnitaire/Projet_finale/JetPack_ProjectFront/src/Service/Api/JetpackApi.js": {"path":"/home/tahrim/Téléchargements/Cours/2A/TestUnitaire/Projet_finale/JetPack_ProjectFront/src/Service/Api/JetpackApi.js","statementMap":{"0":{"start":{"line":1,"column":19},"end":{"line":1,"column":50}},"1":{"start":{"line":2,"column":0},"end":{"line":28,"column":2}},"2":{"start":{"line":4,"column":8},"end":{"line":4,"column":37}},"3":{"start":{"line":8,"column":8},"end":{"line":17,"column":11}},"4":{"start":{"line":10,"column":12},"end":{"line":16,"column":15}},"5":{"start":{"line":11,"column":30},"end":{"line":11,"column":46}},"6":{"start":{"line":12,"column":16},"end":{"line":12,"column":36}},"7":{"start":{"line":13,"column":16},"end":{"line":13,"column":39}},"8":{"start":{"line":14,"column":16},"end":{"line":14,"column":42}},"9":{"start":{"line":15,"column":16},"end":{"line":15,"column":30}},"10":{"start":{"line":20,"column":8},"end":{"line":26,"column":11}},"11":{"start":{"line":21,"column":28},"end":{"line":21,"column":44}},"12":{"start":{"line":22,"column":14},"end":{"line":22,"column":34}},"13":{"start":{"line":23,"column":14},"end":{"line":23,"column":38}},"14":{"start":{"line":24,"column":14},"end":{"line":24,"column":40}},"15":{"start":{"line":25,"column":14},"end":{"line":25,"column":29}}},"fnMap":{"0":{"name":"(anonymous_0)","decl":{"start":{"line":3,"column":4},"end":{"line":3,"column":5}},"loc":{"start":{"line":3,"column":28},"end":{"line":5,"column":5}},"line":3},"1":{"name":"(anonymous_1)","decl":{"start":{"line":7,"column":4},"end":{"line":7,"column":5}},"loc":{"start":{"line":7,"column":18},"end":{"line":18,"column":5}},"line":7},"2":{"name":"(anonymous_2)","decl":{"start":{"line":8,"column":59},"end":{"line":8,"column":60}},"loc":{"start":{"line":8,"column":67},"end":{"line":17,"column":9}},"line":8},"3":{"name":"(anonymous_3)","decl":{"start":{"line":10,"column":28},"end":{"line":10,"column":29}},"loc":{"start":{"line":10,"column":35},"end":{"line":16,"column":13}},"line":10},"4":{"name":"(anonymous_4)","decl":{"start":{"line":19,"column":2},"end":{"line":19,"column":3}},"loc":{"start":{"line":19,"column":19},"end":{"line":27,"column":5}},"line":19},"5":{"name":"(anonymous_5)","decl":{"start":{"line":20,"column":109},"end":{"line":20,"column":110}},"loc":{"start":{"line":20,"column":116},"end":{"line":26,"column":9}},"line":20}},"branchMap":{},"s":{"0":1,"1":1,"2":2,"3":1,"4":1,"5":1,"6":1,"7":1,"8":1,"9":1,"10":1,"11":1,"12":1,"13":1,"14":1,"15":1},"f":{"0":2,"1":1,"2":1,"3":1,"4":1,"5":1},"b":{},"_coverageSchema":"43e27e138ebf9cfc5966b082cf9a028302ed4184","hash":"b7bb59baf8c29304014b6f74d71d4a31a3cf8807"}
}
