TN:
SF:/home/tahrim/Téléchargements/Cours/2A/TestUnitaire/Projet_finale/JetPack_ProjectFront/src/Entity/Jetpack.js
FN:2,(anonymous_0)
FN:8,(anonymous_1)
FN:12,(anonymous_2)
FN:16,(anonymous_3)
FN:20,(anonymous_4)
FN:24,(anonymous_5)
FN:28,(anonymous_6)
FNF:7
FNH:7
FNDA:2,(anonymous_0)
FNDA:1,(anonymous_1)
FNDA:2,(anonymous_2)
FNDA:1,(anonymous_3)
FNDA:2,(anonymous_4)
FNDA:1,(anonymous_5)
FNDA:2,(anonymous_6)
DA:1,1
DA:3,2
DA:4,2
DA:5,2
DA:9,1
DA:13,2
DA:17,1
DA:21,2
DA:25,1
DA:29,2
LF:10
LH:10
BRF:0
BRH:0
end_of_record
TN:
SF:/home/tahrim/Téléchargements/Cours/2A/TestUnitaire/Projet_finale/JetPack_ProjectFront/src/Service/Api/JetpackApi.js
FN:3,(anonymous_0)
FN:7,(anonymous_1)
FN:8,(anonymous_2)
FN:10,(anonymous_3)
FN:19,(anonymous_4)
FN:20,(anonymous_5)
FNF:6
FNH:6
FNDA:2,(anonymous_0)
FNDA:1,(anonymous_1)
FNDA:1,(anonymous_2)
FNDA:1,(anonymous_3)
FNDA:1,(anonymous_4)
FNDA:1,(anonymous_5)
DA:1,1
DA:2,1
DA:4,2
DA:8,1
DA:10,1
DA:11,1
DA:12,1
DA:13,1
DA:14,1
DA:15,1
DA:20,1
DA:21,1
DA:22,1
DA:23,1
DA:24,1
DA:25,1
LF:16
LH:16
BRF:0
BRH:0
end_of_record
